{"contracts/Damazon.sol":{"l":{"49":3,"50":3,"51":3,"55":84,"56":1,"58":83,"70":83,"72":83,"74":83,"75":83,"78":83,"82":9,"83":1,"86":8,"88":1,"91":7,"93":7,"94":1,"97":6,"98":1,"101":5,"102":5,"105":5,"107":5,"108":5,"111":5,"113":5,"117":2,"118":2,"119":0,"124":1,"128":1},"path":"/Users/pranavlakkadi/HH-FCC/amazon-clone/contracts/Damazon.sol","s":{"1":84,"2":83,"3":83,"4":9,"5":8,"6":7,"7":7,"8":6,"9":5,"10":5,"11":2,"12":2,"13":1,"14":1},"b":{"1":[1,83],"2":[83,1],"3":[1,8],"4":[1,7],"5":[1,6],"6":[1,5],"7":[0,2]},"f":{"1":3,"2":84,"3":83,"4":9,"5":2,"6":1,"7":1},"fnMap":{"1":{"name":"constructor","line":48,"loc":{"start":{"line":48,"column":4},"end":{"line":52,"column":4}}},"2":{"name":"OnlyOwner","line":54,"loc":{"start":{"line":54,"column":4},"end":{"line":59,"column":4}}},"3":{"name":"List","line":69,"loc":{"start":{"line":61,"column":4},"end":{"line":79,"column":4}}},"4":{"name":"Buy","line":81,"loc":{"start":{"line":81,"column":4},"end":{"line":114,"column":4}}},"5":{"name":"withdraw","line":116,"loc":{"start":{"line":116,"column":4},"end":{"line":121,"column":4}}},"6":{"name":"getName","line":123,"loc":{"start":{"line":123,"column":4},"end":{"line":125,"column":4}}},"7":{"name":"getOwner","line":127,"loc":{"start":{"line":127,"column":4},"end":{"line":129,"column":4}}}},"statementMap":{"1":{"start":{"line":55,"column":8},"end":{"line":55,"column":1271}},"2":{"start":{"line":70,"column":8},"end":{"line":70,"column":80}},"3":{"start":{"line":78,"column":8},"end":{"line":78,"column":46}},"4":{"start":{"line":82,"column":8},"end":{"line":82,"column":1891}},"5":{"start":{"line":86,"column":8},"end":{"line":86,"column":1979}},"6":{"start":{"line":91,"column":8},"end":{"line":91,"column":37}},"7":{"start":{"line":93,"column":8},"end":{"line":93,"column":2120}},"8":{"start":{"line":97,"column":8},"end":{"line":97,"column":2204}},"9":{"start":{"line":105,"column":8},"end":{"line":105,"column":57}},"10":{"start":{"line":113,"column":8},"end":{"line":113,"column":66}},"11":{"start":{"line":117,"column":8},"end":{"line":117,"column":73}},"12":{"start":{"line":118,"column":8},"end":{"line":118,"column":2757}},"13":{"start":{"line":124,"column":8},"end":{"line":124,"column":21}},"14":{"start":{"line":128,"column":8},"end":{"line":128,"column":22}}},"branchMap":{"1":{"line":55,"type":"if","locations":[{"start":{"line":55,"column":8},"end":{"line":55,"column":8}},{"start":{"line":55,"column":8},"end":{"line":55,"column":8}}]},"2":{"line":69,"type":"if","locations":[{"start":{"line":69,"column":13},"end":{"line":69,"column":13}},{"start":{"line":69,"column":13},"end":{"line":69,"column":13}}]},"3":{"line":82,"type":"if","locations":[{"start":{"line":82,"column":8},"end":{"line":82,"column":8}},{"start":{"line":82,"column":8},"end":{"line":82,"column":8}}]},"4":{"line":86,"type":"if","locations":[{"start":{"line":86,"column":8},"end":{"line":86,"column":8}},{"start":{"line":86,"column":8},"end":{"line":86,"column":8}}]},"5":{"line":93,"type":"if","locations":[{"start":{"line":93,"column":8},"end":{"line":93,"column":8}},{"start":{"line":93,"column":8},"end":{"line":93,"column":8}}]},"6":{"line":97,"type":"if","locations":[{"start":{"line":97,"column":8},"end":{"line":97,"column":8}},{"start":{"line":97,"column":8},"end":{"line":97,"column":8}}]},"7":{"line":118,"type":"if","locations":[{"start":{"line":118,"column":8},"end":{"line":118,"column":8}},{"start":{"line":118,"column":8},"end":{"line":118,"column":8}}]}}}}