TN:
SF:/Users/pranavlakkadi/HH-FCC/amazon-clone/contracts/Damazon.sol
FN:48,constructor
FN:54,OnlyOwner
FN:69,List
FN:81,Buy
FN:116,withdraw
FN:123,getName
FN:127,getOwner
FNF:7
FNH:7
FNDA:3,constructor
FNDA:84,OnlyOwner
FNDA:83,List
FNDA:9,Buy
FNDA:2,withdraw
FNDA:1,getName
FNDA:1,getOwner
DA:49,3
DA:50,3
DA:51,3
DA:55,84
DA:56,1
DA:58,83
DA:70,83
DA:72,83
DA:74,83
DA:75,83
DA:78,83
DA:82,9
DA:83,1
DA:86,8
DA:88,1
DA:91,7
DA:93,7
DA:94,1
DA:97,6
DA:98,1
DA:101,5
DA:102,5
DA:105,5
DA:107,5
DA:108,5
DA:111,5
DA:113,5
DA:117,2
DA:118,2
DA:119,0
DA:124,1
DA:128,1
LF:32
LH:31
BRDA:55,1,0,1
BRDA:55,1,1,83
BRDA:69,2,0,83
BRDA:69,2,1,1
BRDA:82,3,0,1
BRDA:82,3,1,8
BRDA:86,4,0,1
BRDA:86,4,1,7
BRDA:93,5,0,1
BRDA:93,5,1,6
BRDA:97,6,0,1
BRDA:97,6,1,5
BRDA:118,7,0,0
BRDA:118,7,1,2
BRF:14
BRH:13
end_of_record
